2025-12-03 14:12:22,248 - __main__ - INFO - Starting Enhanced Meeting Router
2025-12-03 14:12:22,252 - meeting_router.nlp - ERROR - Failed to load sentiment model: No module named 'transformers'
2025-12-03 14:12:22,253 - meeting_router.watcher - ERROR - watchdog not installed. Install with: pip install watchdog
2025-12-03 14:12:22,253 - meeting_router.orchestrator - INFO - Meeting Router initialized
2025-12-03 14:12:22,254 - __main__ - INFO - Processing single file: transcripts/meeting_transcript_sample2.txt
2025-12-03 14:12:22,254 - meeting_router.orchestrator - INFO - Processing transcript: transcripts/meeting_transcript_sample2.txt
2025-12-03 14:12:22,258 - meeting_router.watcher - INFO - Read file: transcripts/meeting_transcript_sample2.txt (1768 bytes)
2025-12-03 14:12:22,259 - meeting_router.parser - INFO - Parsed 11 speaker segments
2025-12-03 14:12:22,261 - meeting_router.nlp - INFO - Extracted 9 action items
2025-12-03 14:12:22,261 - meeting_router.nlp - WARNING - Sentiment model not loaded, skipping sentiment analysis
2025-12-03 14:12:22,262 - meeting_router.backends - INFO - Created markdown task: task_20251203_141222_262106
2025-12-03 14:12:22,262 - meeting_router.backends - INFO - Created markdown task: task_20251203_141222_262672
2025-12-03 14:12:22,263 - meeting_router.backends - INFO - Created markdown task: task_20251203_141222_263021
2025-12-03 14:12:22,263 - meeting_router.backends - INFO - Created markdown task: task_20251203_141222_263305
2025-12-03 14:12:22,263 - meeting_router.backends - INFO - Created markdown task: task_20251203_141222_263623
2025-12-03 14:12:22,264 - meeting_router.backends - INFO - Created markdown task: task_20251203_141222_263930
2025-12-03 14:12:22,264 - meeting_router.backends - INFO - Created markdown task: task_20251203_141222_264244
2025-12-03 14:12:22,264 - meeting_router.backends - INFO - Created markdown task: task_20251203_141222_264586
2025-12-03 14:12:22,265 - meeting_router.backends - INFO - Created markdown task: task_20251203_141222_264915
2025-12-03 14:12:22,267 - meeting_router.summary - INFO - Generated summary digest
2025-12-03 14:12:22,268 - meeting_router.notification - INFO - Saved summary to ./summaries/summary_20251203_141222.md
2025-12-03 14:12:22,268 - meeting_router.orchestrator - INFO - [transcripts/meeting_transcript_sample2.txt] Completed processing transcript
